Arguments: 
  /usr/bin/node /usr/share/yarn/bin/yarn.js add express

PATH: 
  /home/trinity/.yarn/bin:/usr/local/sbin:/usr/local/bin:/usr/sbin:/usr/bin:/sbin:/bin:/usr/games:/usr/local/games:/snap/bin

Yarn version: 
  1.13.0

Node version: 
  11.9.0

Platform: 
  linux x64

Trace: 
  Error: Client network socket disconnected before secure TLS connection was established
      at TLSSocket.onConnectEnd (_tls_wrap.js:1177:19)
      at Object.onceWrapper (events.js:285:13)
      at TLSSocket.emit (events.js:202:15)
      at endReadableNT (_stream_readable.js:1129:12)
      at processTicksAndRejections (internal/process/next_tick.js:76:17)

npm manifest: 
  {
    "name": "Bloodbank-Backend",
    "version": "1.0.0",
    "main": "index.js",
    "author": "Trinity",
    "license": "MIT"
  }

yarn manifest: 
  No manifest

Lockfile: 
  No lockfile
